<?xml version="1.0" encoding="UTF-8"?>
<testsuite name="com.ait.qa34.homeWorks.tests.DeleteItemFromCartTests" tests="1" skipped="0" failures="0" errors="0" timestamp="2024-04-10T15:03:33" hostname="DESKTOP-T039J2V" time="10.975">
  <properties/>
  <testcase name="deleteItemPositiveTest" classname="com.ait.qa34.homeWorks.tests.DeleteItemFromCartTests" time="10.975"/>
  <system-out><![CDATA[]]></system-out>
  <system-err><![CDATA[]]></system-err>
</testsuite>
