<?xml version="1.0" encoding="UTF-8"?>
<testsuite name="com.ait.qa34.homeWorks.tests.AddItemToCartTests" tests="1" skipped="0" failures="0" errors="0" timestamp="2024-04-10T15:03:06" hostname="DESKTOP-T039J2V" time="0.856">
  <properties/>
  <testcase name="AddItemToCartPositiveTest" classname="com.ait.qa34.homeWorks.tests.AddItemToCartTests" time="0.856"/>
  <system-out><![CDATA[]]></system-out>
  <system-err><![CDATA[]]></system-err>
</testsuite>
